#
# A fatal error has been detected by the Java Runtime Environment:
#
#  SIGSEGV (0xb) at pc=0x00007f7e6d0693fa, pid=3323, tid=140180043904768
#
# JRE version: Java(TM) SE Runtime Environment (8.0_25-b17) (build 1.8.0_25-b17)
# Java VM: Java HotSpot(TM) 64-Bit Server VM (25.25-b02 mixed mode linux-amd64 compressed oops)
# Problematic frame:
# v  ~BufferBlob::jni_fast_GetLongField
#
# Failed to write core dump. Core dumps have been disabled. To enable core dumping, try "ulimit -c unlimited" before starting Java again
#
# If you would like to submit a bug report, please visit:
#   http://bugreport.sun.com/bugreport/crash.jsp
# The crash happened outside the Java Virtual Machine in native code.
# See problematic frame for where to report the bug.
#

---------------  T H R E A D  ---------------

Current thread (0x00007f7e7c35f000):  JavaThread "AWT-XAWT" daemon [_thread_in_native, id=3342, stack(0x00007f7e35a8b000,0x00007f7e35b8c000)]

siginfo: si_signo: 11 (SIGSEGV), si_code: 1 (SEGV_MAPERR), si_addr: 0x0000000000000000

Registers:
RAX=0x00007f7e84cb3340, RBX=0x00007f7e7c35f1e8, RCX=0x00007f7e8570d320, RDX=0x0000000000000042
RSP=0x00007f7e35b8a658, RBP=0x00007f7e35b8a680, RSI=0x0000000000000000, RDI=0x00007f7e7c35f1e8
R8 =0x00000000d77869b8, R9 =0x0000000000000000, R10=0x0000000000000066, R11=0x00007f7e8470d960
R12=0x00007f7e20007420, R13=0x0000000000000000, R14=0x00007f7e37a157c0, R15=0x00007f7e7c35f000
RIP=0x00007f7e6d0693fa, EFLAGS=0x0000000000010246, CSGSFS=0x0000000000000033, ERR=0x0000000000000004
  TRAPNO=0x000000000000000e

Top of Stack: (sp=0x00007f7e35b8a658)
0x00007f7e35b8a658:   00007f7e377f40a1 00007f7e813c6950
0x00007f7e35b8a668:   00007f7e20007420 00007f7e813c6950
0x00007f7e35b8a678:   00007f7e35b8a768 0000000000000000
0x00007f7e35b8a688:   00007f7e372d7ae8 00007f7e813c6950
0x00007f7e35b8a698:   00007f7e35b8a6c0 0000000000000000
0x00007f7e35b8a6a8:   00007f7e372cf9a3 00007f7e813c6950
0x00007f7e35b8a6b8:   00007f7e377ed39f 00007f7e35b8a730
0x00007f7e35b8a6c8:   00007f7e6d0156d4 00007f7e35b8a7b0
0x00007f7e35b8a6d8:   00007f7e6d273044 00007f7e35b8a7b0
0x00007f7e35b8a6e8:   00007f7e6d1e17a4 00007f7e35b8a6f0
0x00007f7e35b8a6f8:   0000000000000000 00007f7e35b8a768
0x00007f7e35b8a708:   00007f7e813cafe0 0000000000000000
0x00007f7e35b8a718:   00007f7e813c6950 0000000000000000
0x00007f7e35b8a728:   00007f7e35b8a750 00007f7e35b8a7b0
0x00007f7e35b8a738:   00007f7e6d007160 00000000d7511270
0x00007f7e35b8a748:   00007f7e6d00f2a0 0000000000000000
0x00007f7e35b8a758:   00007f7e35b8a7b0 00007f7e1c000e30
0x00007f7e35b8a768:   00000000d77a5490 00007f7e35b8a770
0x00007f7e35b8a778:   00007f7e81385164 00007f7e35b8a7f8
0x00007f7e35b8a788:   00007f7e8139cce0 0000000000000000
0x00007f7e35b8a798:   00007f7e81385298 00007f7e35b8a750
0x00007f7e35b8a7a8:   00007f7e35b8a7f0 00007f7e35b8a840
0x00007f7e35b8a7b8:   00007f7e6d00798d 0000000000000000
0x00007f7e35b8a7c8:   00000000d78a0f70 00000000d78517d8
0x00007f7e35b8a7d8:   0000000000000000 0000000000000000
0x00007f7e35b8a7e8:   00000000d77a5490 0000000000000000
0x00007f7e35b8a7f8:   00000000d7748e30 00007f7e35b8a800
0x00007f7e35b8a808:   00007f7e81384fa5 00007f7e35b8a850
0x00007f7e35b8a818:   00007f7e8139cce0 0000000000000000
0x00007f7e35b8a828:   00007f7e81384fb0 00007f7e35b8a7f0
0x00007f7e35b8a838:   00007f7e35b8a850 00007f7e35b8a898
0x00007f7e35b8a848:   00007f7e6d0079d2 00000000d7748e30 

Instructions: (pc=0x00007f7e6d0693fa)
0x00007f7e6d0693da:   00 00 00 00 00 00 44 8b 15 01 14 c8 17 4c 8b ce
0x00007f7e6d0693ea:   41 f6 c2 01 0f 85 2e 00 00 00 4d 33 ca 4d 33 ca
0x00007f7e6d0693fa:   4d 8b 09 4c 8b da 49 c1 eb 02 4b 8b 04 19 49 bb
0x00007f7e6d06940a:   e8 a7 ce 84 7e 7f 00 00 4c 33 d8 4c 33 d8 45 3b 

Register to memory mapping:

RAX=0x00007f7e84cb3340: <offset 0xf23340> in /usr/lib/jvm/java-8-oracle/jre/lib/amd64/server/libjvm.so at 0x00007f7e83d90000
RBX=0x00007f7e7c35f1e8 is an unknown value
RCX=0x00007f7e8570d320: <offset 0x219320> in /lib/x86_64-linux-gnu/libpthread.so.0 at 0x00007f7e854f4000
RDX=0x0000000000000042 is an unknown value
RSP=0x00007f7e35b8a658 is pointing into the stack for thread: 0x00007f7e7c35f000
RBP=0x00007f7e35b8a680 is pointing into the stack for thread: 0x00007f7e7c35f000
RSI=0x0000000000000000 is an unknown value
RDI=0x00007f7e7c35f1e8 is an unknown value
R8 =0x00000000d77869b8 is an oop
java.util.logging.Logger 
 - klass: 'java/util/logging/Logger'
R9 =0x0000000000000000 is an unknown value
R10=0x0000000000000066 is an unknown value
R11=0x00007f7e8470d960: <offset 0x97d960> in /usr/lib/jvm/java-8-oracle/jre/lib/amd64/server/libjvm.so at 0x00007f7e83d90000
R12=0x00007f7e20007420 is an unknown value
R13=0x0000000000000000 is an unknown value
R14=0x00007f7e37a157c0: <offset 0x2587c0> in /usr/lib/jvm/java-8-oracle/jre/lib/amd64/libawt_xawt.so at 0x00007f7e377bd000
R15=0x00007f7e7c35f000 is a thread


Stack: [0x00007f7e35a8b000,0x00007f7e35b8c000],  sp=0x00007f7e35b8a658,  free space=1021k
Native frames: (J=compiled Java code, j=interpreted, Vv=VM code, C=native code)
v  ~BufferBlob::jni_fast_GetLongField
C  [libX11.so.6+0x61ae8]  _XimServerDestroy+0x58

Java frames: (J=compiled Java code, j=interpreted, Vv=VM code)
j  sun.awt.X11.XlibWrapper.XFilterEvent(JJ)Z+0
j  sun.awt.X11.XToolkit.run(Z)V+300
j  sun.awt.X11.XToolkit.run()V+5
j  java.lang.Thread.run()V+11
v  ~StubRoutines::call_stub

---------------  P R O C E S S  ---------------

Java Threads: ( => current thread )
  0x00007f7e18002000 JavaThread "XToolkt-Shutdown-Thread" [_thread_blocked, id=4762, stack(0x00007f7e0ebeb000,0x00007f7e0ecec000)]
  0x00007f7e4c001000 JavaThread "SIGHUP handler" daemon [_thread_blocked, id=4760, stack(0x00007f7e35788000,0x00007f7e35889000)]
  0x00007f7e7c009800 JavaThread "DestroyJavaVM" [_thread_blocked, id=3325, stack(0x00007f7e85812000,0x00007f7e85913000)]
  0x00007f7e7c4ea000 JavaThread "H2 PG Server (pg://127.0.1.1:5435)" [_thread_in_native, id=3430, stack(0x00007f7e062fa000,0x00007f7e063fb000)]
  0x00007f7e7c4e8000 JavaThread "H2 TCP Server (tcp://127.0.1.1:9092)" [_thread_in_native, id=3429, stack(0x00007f7e065fb000,0x00007f7e066fc000)]
  0x00007f7e7c39c800 JavaThread "AWT-EventQueue-0" [_thread_blocked, id=3344, stack(0x00007f7e3598a000,0x00007f7e35a8b000)]
  0x00007f7e7c39b800 JavaThread "AWT-Shutdown" [_thread_blocked, id=3343, stack(0x00007f7e3652c000,0x00007f7e3662d000)]
=>0x00007f7e7c35f000 JavaThread "AWT-XAWT" daemon [_thread_in_native, id=3342, stack(0x00007f7e35a8b000,0x00007f7e35b8c000)]
  0x00007f7e7c330000 JavaThread "Java2D Disposer" daemon [_thread_blocked, id=3341, stack(0x00007f7e35f9c000,0x00007f7e3609d000)]
  0x00007f7e7c22e000 JavaThread "H2 Console Server (http://127.0.1.1:8082)" [_thread_in_native, id=3339, stack(0x00007f7e37ce8000,0x00007f7e37de9000)]
  0x00007f7e7c197000 JavaThread "Service Thread" daemon [_thread_blocked, id=3337, stack(0x00007f7e641af000,0x00007f7e642b0000)]
  0x00007f7e7c177000 JavaThread "C1 CompilerThread2" daemon [_thread_blocked, id=3336, stack(0x00007f7e6c015000,0x00007f7e6c116000)]
  0x00007f7e7c175800 JavaThread "C2 CompilerThread1" daemon [_thread_blocked, id=3335, stack(0x00007f7e6c116000,0x00007f7e6c217000)]
  0x00007f7e7c172800 JavaThread "C2 CompilerThread0" daemon [_thread_blocked, id=3334, stack(0x00007f7e6c217000,0x00007f7e6c318000)]
  0x00007f7e7c170800 JavaThread "Signal Dispatcher" daemon [_thread_blocked, id=3333, stack(0x00007f7e6c318000,0x00007f7e6c419000)]
  0x00007f7e7c143000 JavaThread "Finalizer" daemon [_thread_blocked, id=3332, stack(0x00007f7e6cafb000,0x00007f7e6cbfc000)]
  0x00007f7e7c141000 JavaThread "Reference Handler" daemon [_thread_blocked, id=3331, stack(0x00007f7e6cbfc000,0x00007f7e6ccfd000)]

Other Threads:
  0x00007f7e7c13a000 VMThread [stack: 0x00007f7e6ccfd000,0x00007f7e6cdfe000] [id=3330]
  0x00007f7e7c199000 WatcherThread [stack: 0x00007f7e640ae000,0x00007f7e641af000] [id=3338]

VM state:not at safepoint (normal execution)

VM Mutex/Monitor currently owned by a thread: None

Heap:
 PSYoungGen      total 36864K, used 28240K [0x00000000d7200000, 0x00000000d9b00000, 0x0000000100000000)
  eden space 31744K, 88% used [0x00000000d7200000,0x00000000d8d94320,0x00000000d9100000)
  from space 5120K, 0% used [0x00000000d9600000,0x00000000d9600000,0x00000000d9b00000)
  to   space 5120K, 0% used [0x00000000d9100000,0x00000000d9100000,0x00000000d9600000)
 ParOldGen       total 84992K, used 0K [0x0000000085600000, 0x000000008a900000, 0x00000000d7200000)
  object space 84992K, 0% used [0x0000000085600000,0x0000000085600000,0x000000008a900000)
 Metaspace       used 12944K, capacity 13038K, committed 13312K, reserved 1060864K
  class space    used 1410K, capacity 1438K, committed 1536K, reserved 1048576K

Card table byte_map: [0x00007f7e8225a000,0x00007f7e82630000] byte_map_base: 0x00007f7e81e2f000

Marking Bits: (ParMarkBitMap*) 0x00007f7e84cea2c0
 Begin Bits: [0x00007f7e642b0000, 0x00007f7e66158000)
 End Bits:   [0x00007f7e66158000, 0x00007f7e68000000)

Polling page: 0x00007f7e85931000

CodeCache: size=245760Kb used=2615Kb max_used=2618Kb free=243144Kb
 bounds [0x00007f7e6d000000, 0x00007f7e6d2a0000, 0x00007f7e7c000000]
 total_blobs=1191 nmethods=662 adapters=444
 compilation: enabled

Compilation events (10 events):
Event: 5437,243 Thread 0x00007f7e7c175800  654       4       java.util.concurrent.locks.ReentrantLock::lock (8 bytes)
Event: 5437,247 Thread 0x00007f7e7c177000  655   !   3       sun.awt.AppContext::get (123 bytes)
Event: 5437,249 Thread 0x00007f7e7c177000 nmethod 655 0x00007f7e6d28a910 code [0x00007f7e6d28aac0, 0x00007f7e6d28b388]
Event: 5437,249 Thread 0x00007f7e7c172800  656       4       java.util.concurrent.locks.ReentrantLock::unlock (10 bytes)
Event: 5437,249 Thread 0x00007f7e7c175800 nmethod 654 0x00007f7e6d28a450 code [0x00007f7e6d28a5c0, 0x00007f7e6d28a748]
Event: 5437,253 Thread 0x00007f7e7c172800 nmethod 656 0x00007f7e6d28a010 code [0x00007f7e6d28a160, 0x00007f7e6d28a268]
Event: 5437,254 Thread 0x00007f7e7c177000  657       3       java.lang.Long::longValue (5 bytes)
Event: 5437,254 Thread 0x00007f7e7c177000 nmethod 657 0x00007f7e6d27cd10 code [0x00007f7e6d27ce60, 0x00007f7e6d27cfb0]
Event: 5437,254 Thread 0x00007f7e7c177000  658       3       java.awt.Component::getTreeLock (4 bytes)
Event: 5437,254 Thread 0x00007f7e7c177000 nmethod 658 0x00007f7e6d27c9d0 code [0x00007f7e6d27cb40, 0x00007f7e6d27cc90]

GC Heap History (0 events):
No events

Deoptimization events (0 events):
No events

Internal exceptions (10 events):
Event: 8,004 Thread 0x00007f7e7c009800 Exception <a 'java/security/PrivilegedActionException'> (0x00000000d85af670) thrown at [/HUDSON/workspace/8-2-build-linux-amd64/jdk8u25/1514/hotspot/src/share/vm/prims/jvm.cpp, line 1312]
Event: 8,006 Thread 0x00007f7e7c009800 Exception <a 'java/security/PrivilegedActionException'> (0x00000000d85b5a78) thrown at [/HUDSON/workspace/8-2-build-linux-amd64/jdk8u25/1514/hotspot/src/share/vm/prims/jvm.cpp, line 1312]
Event: 8,006 Thread 0x00007f7e7c009800 Exception <a 'java/security/PrivilegedActionException'> (0x00000000d85bb440) thrown at [/HUDSON/workspace/8-2-build-linux-amd64/jdk8u25/1514/hotspot/src/share/vm/prims/jvm.cpp, line 1312]
Event: 8,008 Thread 0x00007f7e7c009800 Exception <a 'java/security/PrivilegedActionException'> (0x00000000d85be758) thrown at [/HUDSON/workspace/8-2-build-linux-amd64/jdk8u25/1514/hotspot/src/share/vm/prims/jvm.cpp, line 1312]
Event: 8,008 Thread 0x00007f7e7c4e8000 Exception <a 'java/security/PrivilegedActionException'> (0x00000000d861f8c0) thrown at [/HUDSON/workspace/8-2-build-linux-amd64/jdk8u25/1514/hotspot/src/share/vm/prims/jvm.cpp, line 1312]
Event: 8,010 Thread 0x00007f7e7c4e8000 Exception <a 'java/security/PrivilegedActionException'> (0x00000000d862a418) thrown at [/HUDSON/workspace/8-2-build-linux-amd64/jdk8u25/1514/hotspot/src/share/vm/prims/jvm.cpp, line 1312]
Event: 8,151 Thread 0x00007f7e7c4e8000 Exception <a 'java/security/PrivilegedActionException'> (0x00000000d862d1f0) thrown at [/HUDSON/workspace/8-2-build-linux-amd64/jdk8u25/1514/hotspot/src/share/vm/prims/jvm.cpp, line 1312]
Event: 8,151 Thread 0x00007f7e7c4e8000 Exception <a 'java/security/PrivilegedActionException'> (0x00000000d86308b0) thrown at [/HUDSON/workspace/8-2-build-linux-amd64/jdk8u25/1514/hotspot/src/share/vm/prims/jvm.cpp, line 1312]
Event: 8,152 Thread 0x00007f7e7c4e8000 Exception <a 'java/security/PrivilegedActionException'> (0x00000000d863c670) thrown at [/HUDSON/workspace/8-2-build-linux-amd64/jdk8u25/1514/hotspot/src/share/vm/prims/jvm.cpp, line 1312]
Event: 8,152 Thread 0x00007f7e7c4ea000 Exception <a 'java/security/PrivilegedActionException'> (0x00000000d86be518) thrown at [/HUDSON/workspace/8-2-build-linux-amd64/jdk8u25/1514/hotspot/src/share/vm/prims/jvm.cpp, line 1312]

Events (10 events):
Event: 5437,242 loading class sun/awt/SunToolkit$1
Event: 5437,242 loading class sun/awt/SunToolkit$1 done
Event: 5437,246 loading class java/awt/LightweightDispatcher$2
Event: 5437,246 loading class java/awt/LightweightDispatcher$2 done
Event: 5437,246 loading class java/awt/event/AWTEventListenerProxy
Event: 5437,246 loading class java/awt/event/AWTEventListenerProxy done
Event: 5437,246 loading class java/awt/Toolkit$ToolkitEventMulticaster
Event: 5437,246 loading class java/awt/Toolkit$ToolkitEventMulticaster done
Event: 5437,255 Executing VM operation: RevokeBias
Event: 5437,255 Executing VM operation: RevokeBias done


Dynamic libraries:
00400000-00401000 r-xp 00000000 08:09 2239465                            /usr/lib/jvm/java-8-oracle/jre/bin/java
00600000-00601000 rw-p 00000000 08:09 2239465                            /usr/lib/jvm/java-8-oracle/jre/bin/java
01b42000-01b63000 rw-p 00000000 00:00 0                                  [heap]
85600000-8a900000 rw-p 00000000 00:00 0 
8a900000-d7200000 ---p 00000000 00:00 0 
d7200000-d9b00000 rw-p 00000000 00:00 0 
d9b00000-100000000 ---p 00000000 00:00 0 
100000000-100180000 rw-p 00000000 00:00 0 
100180000-140000000 ---p 00000000 00:00 0 
7f7ddc000000-7f7ddc021000 rw-p 00000000 00:00 0 
7f7ddc021000-7f7de0000000 ---p 00000000 00:00 0 
7f7de4000000-7f7de4021000 rw-p 00000000 00:00 0 
7f7de4021000-7f7de8000000 ---p 00000000 00:00 0 
7f7de8000000-7f7de8021000 rw-p 00000000 00:00 0 
7f7de8021000-7f7dec000000 ---p 00000000 00:00 0 
7f7dec000000-7f7dec047000 rw-p 00000000 00:00 0 
7f7dec047000-7f7df0000000 ---p 00000000 00:00 0 
7f7df0000000-7f7df0021000 rw-p 00000000 00:00 0 
7f7df0021000-7f7df4000000 ---p 00000000 00:00 0 
7f7df4000000-7f7df4022000 rw-p 00000000 00:00 0 
7f7df4022000-7f7df8000000 ---p 00000000 00:00 0 
7f7df8000000-7f7df8022000 rw-p 00000000 00:00 0 
7f7df8022000-7f7dfc000000 ---p 00000000 00:00 0 
7f7dfc000000-7f7dfc021000 rw-p 00000000 00:00 0 
7f7dfc021000-7f7e00000000 ---p 00000000 00:00 0 
7f7e00000000-7f7e00022000 rw-p 00000000 00:00 0 
7f7e00022000-7f7e04000000 ---p 00000000 00:00 0 
7f7e060f8000-7f7e060fb000 ---p 00000000 00:00 0 
7f7e060fb000-7f7e061f9000 rw-p 00000000 00:00 0 
7f7e061f9000-7f7e061fc000 ---p 00000000 00:00 0 
7f7e061fc000-7f7e062fa000 rw-p 00000000 00:00 0 
7f7e062fa000-7f7e062fd000 ---p 00000000 00:00 0 
7f7e062fd000-7f7e0657b000 rw-p 00000000 00:00 0                          [stack:3430]
7f7e0657b000-7f7e065fb000 ---p 00000000 00:00 0 
7f7e065fb000-7f7e065fe000 ---p 00000000 00:00 0 
7f7e065fe000-7f7e066fc000 rw-p 00000000 00:00 0                          [stack:3429]
7f7e066fc000-7f7e066ff000 ---p 00000000 00:00 0 
7f7e066ff000-7f7e067fd000 rw-p 00000000 00:00 0 
7f7e067fd000-7f7e067fe000 ---p 00000000 00:00 0 
7f7e067fe000-7f7e06ffe000 rw-p 00000000 00:00 0 
7f7e06ffe000-7f7e06fff000 ---p 00000000 00:00 0 
7f7e06fff000-7f7e077ff000 rw-p 00000000 00:00 0 
7f7e077ff000-7f7e07800000 ---p 00000000 00:00 0 
7f7e07800000-7f7e08000000 rw-p 00000000 00:00 0                          [stack:3349]
7f7e08000000-7f7e08021000 rw-p 00000000 00:00 0 
7f7e08021000-7f7e0c000000 ---p 00000000 00:00 0 
7f7e0c097000-7f7e0c09a000 ---p 00000000 00:00 0 
7f7e0c09a000-7f7e0c198000 rw-p 00000000 00:00 0 
7f7e0c198000-7f7e0c19b000 ---p 00000000 00:00 0 
7f7e0c19b000-7f7e0c299000 rw-p 00000000 00:00 0 
7f7e0c299000-7f7e0c29a000 ---p 00000000 00:00 0 
7f7e0c29a000-7f7e0ca9a000 rw-p 00000000 00:00 0                          [stack:3348]
7f7e0ca9a000-7f7e0ca9b000 ---p 00000000 00:00 0 
7f7e0ca9b000-7f7e0d29b000 rw-p 00000000 00:00 0                          [stack:3347]
7f7e0d29b000-7f7e0d2a6000 r-xp 00000000 08:09 2230703                    /usr/lib/x86_64-linux-gnu/gio/modules/libdconfsettings.so
7f7e0d2a6000-7f7e0d4a6000 ---p 0000b000 08:09 2230703                    /usr/lib/x86_64-linux-gnu/gio/modules/libdconfsettings.so
7f7e0d4a6000-7f7e0d4a7000 r--p 0000b000 08:09 2230703                    /usr/lib/x86_64-linux-gnu/gio/modules/libdconfsettings.so
7f7e0d4a7000-7f7e0d4a8000 rw-p 0000c000 08:09 2230703                    /usr/lib/x86_64-linux-gnu/gio/modules/libdconfsettings.so
7f7e0d4a8000-7f7e0d4c1000 r-xp 00000000 08:09 2230707                    /usr/lib/x86_64-linux-gnu/gio/modules/libgioremote-volume-monitor.so
7f7e0d4c1000-7f7e0d6c1000 ---p 00019000 08:09 2230707                    /usr/lib/x86_64-linux-gnu/gio/modules/libgioremote-volume-monitor.so
7f7e0d6c1000-7f7e0d6c4000 r--p 00019000 08:09 2230707                    /usr/lib/x86_64-linux-gnu/gio/modules/libgioremote-volume-monitor.so
7f7e0d6c4000-7f7e0d6c5000 rw-p 0001c000 08:09 2230707                    /usr/lib/x86_64-linux-gnu/gio/modules/libgioremote-volume-monitor.so
7f7e0d6c5000-7f7e0d709000 r-xp 00000000 08:09 262334                     /lib/x86_64-linux-gnu/libdbus-1.so.3.7.6
7f7e0d709000-7f7e0d908000 ---p 00044000 08:09 262334                     /lib/x86_64-linux-gnu/libdbus-1.so.3.7.6
7f7e0d908000-7f7e0d909000 r--p 00043000 08:09 262334                     /lib/x86_64-linux-gnu/libdbus-1.so.3.7.6
7f7e0d909000-7f7e0d90a000 rw-p 00044000 08:09 262334                     /lib/x86_64-linux-gnu/libdbus-1.so.3.7.6
7f7e0d90a000-7f7e0d912000 r-xp 00000000 08:09 266338                     /lib/x86_64-linux-gnu/libnih-dbus.so.1.0.0
7f7e0d912000-7f7e0db12000 ---p 00008000 08:09 266338                     /lib/x86_64-linux-gnu/libnih-dbus.so.1.0.0
7f7e0db12000-7f7e0db13000 r--p 00008000 08:09 266338                     /lib/x86_64-linux-gnu/libnih-dbus.so.1.0.0
7f7e0db13000-7f7e0db14000 rw-p 00009000 08:09 266338                     /lib/x86_64-linux-gnu/libnih-dbus.so.1.0.0
7f7e0db14000-7f7e0db2b000 r-xp 00000000 08:09 266340                     /lib/x86_64-linux-gnu/libnih.so.1.0.0
7f7e0db2b000-7f7e0dd2a000 ---p 00017000 08:09 266340                     /lib/x86_64-linux-gnu/libnih.so.1.0.0
7f7e0dd2a000-7f7e0dd2b000 r--p 00016000 08:09 266340                     /lib/x86_64-linux-gnu/libnih.so.1.0.0
7f7e0dd2b000-7f7e0dd2c000 rw-p 00017000 08:09 266340                     /lib/x86_64-linux-gnu/libnih.so.1.0.0
7f7e0dd2c000-7f7e0dd45000 r-xp 00000000 08:09 266281                     /lib/x86_64-linux-gnu/libcgmanager.so.0.0.0
7f7e0dd45000-7f7e0df44000 ---p 00019000 08:09 266281                     /lib/x86_64-linux-gnu/libcgmanager.so.0.0.0
7f7e0df44000-7f7e0df46000 r--p 00018000 08:09 266281                     /lib/x86_64-linux-gnu/libcgmanager.so.0.0.0
7f7e0df46000-7f7e0df47000 rw-p 0001a000 08:09 266281                     /lib/x86_64-linux-gnu/libcgmanager.so.0.0.0
7f7e0df47000-7f7e0df57000 r-xp 00000000 08:09 262347                     /lib/x86_64-linux-gnu/libudev.so.1.3.5
7f7e0df57000-7f7e0e156000 ---p 00010000 08:09 262347                     /lib/x86_64-linux-gnu/libudev.so.1.3.5
7f7e0e156000-7f7e0e157000 r--p 0000f000 08:09 262347                     /lib/x86_64-linux-gnu/libudev.so.1.3.5
7f7e0e157000-7f7e0e158000 rw-p 00010000 08:09 262347                     /lib/x86_64-linux-gnu/libudev.so.1.3.5
7f7e0e158000-7f7e0e18c000 r-xp 00000000 08:09 2231008                    /usr/lib/x86_64-linux-gnu/gvfs/libgvfscommon.so
7f7e0e18c000-7f7e0e38c000 ---p 00034000 08:09 2231008                    /usr/lib/x86_64-linux-gnu/gvfs/libgvfscommon.so
7f7e0e38c000-7f7e0e391000 r--p 00034000 08:09 2231008                    /usr/lib/x86_64-linux-gnu/gvfs/libgvfscommon.so
7f7e0e391000-7f7e0e392000 rw-p 00039000 08:09 2231008                    /usr/lib/x86_64-linux-gnu/gvfs/libgvfscommon.so
7f7e0e392000-7f7e0e3c1000 r-xp 00000000 08:09 2230708                    /usr/lib/x86_64-linux-gnu/gio/modules/libgvfsdbus.so
7f7e0e3c1000-7f7e0e5c1000 ---p 0002f000 08:09 2230708                    /usr/lib/x86_64-linux-gnu/gio/modules/libgvfsdbus.so
7f7e0e5c1000-7f7e0e5c2000 r--p 0002f000 08:09 2230708                    /usr/lib/x86_64-linux-gnu/gio/modules/libgvfsdbus.so
7f7e0e5c2000-7f7e0e5c3000 rw-p 00030000 08:09 2230708                    /usr/lib/x86_64-linux-gnu/gio/modules/libgvfsdbus.so
7f7e0e5c3000-7f7e0e5c4000 rw-p 00000000 00:00 0 
7f7e0e5c4000-7f7e0e6aa000 r-xp 00000000 08:09 1976499                    /usr/lib/x86_64-linux-gnu/libstdc++.so.6.0.19
7f7e0e6aa000-7f7e0e8a9000 ---p 000e6000 08:09 1976499                    /usr/lib/x86_64-linux-gnu/libstdc++.so.6.0.19
7f7e0e8a9000-7f7e0e8b1000 r--p 000e5000 08:09 1976499                    /usr/lib/x86_64-linux-gnu/libstdc++.so.6.0.19
7f7e0e8b1000-7f7e0e8b3000 rw-p 000ed000 08:09 1976499                    /usr/lib/x86_64-linux-gnu/libstdc++.so.6.0.19
7f7e0e8b3000-7f7e0e8c8000 rw-p 00000000 00:00 0 
7f7e0e8c8000-7f7e0e8e8000 r-xp 00000000 08:09 1976372                    /usr/lib/x86_64-linux-gnu/libproxy.so.1.0.0
7f7e0e8e8000-7f7e0eae7000 ---p 00020000 08:09 1976372                    /usr/lib/x86_64-linux-gnu/libproxy.so.1.0.0
7f7e0eae7000-7f7e0eae8000 r--p 0001f000 08:09 1976372                    /usr/lib/x86_64-linux-gnu/libproxy.so.1.0.0
7f7e0eae8000-7f7e0eae9000 rw-p 00020000 08:09 1976372                    /usr/lib/x86_64-linux-gnu/libproxy.so.1.0.0
7f7e0eaea000-7f7e0eaed000 ---p 00000000 00:00 0 
7f7e0eaed000-7f7e0ebeb000 rw-p 00000000 00:00 0 
7f7e0ebeb000-7f7e0ebee000 ---p 00000000 00:00 0 
7f7e0ebee000-7f7e0ecec000 rw-p 00000000 00:00 0                          [stack:4762]
7f7e0ecec000-7f7e0ecf3000 r-xp 00000000 08:09 1976312                    /usr/lib/x86_64-linux-gnu/libogg.so.0.8.1
7f7e0ecf3000-7f7e0eef3000 ---p 00007000 08:09 1976312                    /usr/lib/x86_64-linux-gnu/libogg.so.0.8.1
7f7e0eef3000-7f7e0eef4000 r--p 00007000 08:09 1976312                    /usr/lib/x86_64-linux-gnu/libogg.so.0.8.1
7f7e0eef4000-7f7e0eef5000 rw-p 00008000 08:09 1976312                    /usr/lib/x86_64-linux-gnu/libogg.so.0.8.1
7f7e0eef5000-7f7e0ef21000 r-xp 00000000 08:09 1976590                    /usr/lib/x86_64-linux-gnu/libvorbis.so.0.4.5
7f7e0ef21000-7f7e0f120000 ---p 0002c000 08:09 1976590                    /usr/lib/x86_64-linux-gnu/libvorbis.so.0.4.5
7f7e0f120000-7f7e0f121000 r--p 0002b000 08:09 1976590                    /usr/lib/x86_64-linux-gnu/libvorbis.so.0.4.5
7f7e0f121000-7f7e0f122000 rw-p 0002c000 08:09 1976590                    /usr/lib/x86_64-linux-gnu/libvorbis.so.0.4.5
7f7e0f122000-7f7e0f12b000 r-xp 00000000 08:09 1976218                    /usr/lib/x86_64-linux-gnu/libltdl.so.7.3.0
7f7e0f12b000-7f7e0f32a000 ---p 00009000 08:09 1976218                    /usr/lib/x86_64-linux-gnu/libltdl.so.7.3.0
7f7e0f32a000-7f7e0f32b000 r--p 00008000 08:09 1976218                    /usr/lib/x86_64-linux-gnu/libltdl.so.7.3.0
7f7e0f32b000-7f7e0f32c000 rw-p 00009000 08:09 1976218                    /usr/lib/x86_64-linux-gnu/libltdl.so.7.3.0
7f7e0f32c000-7f7e0f33d000 r-xp 00000000 08:09 1976509                    /usr/lib/x86_64-linux-gnu/libtdb.so.1.2.12
7f7e0f33d000-7f7e0f53c000 ---p 00011000 08:09 1976509                    /usr/lib/x86_64-linux-gnu/libtdb.so.1.2.12
7f7e0f53c000-7f7e0f53d000 r--p 00010000 08:09 1976509                    /usr/lib/x86_64-linux-gnu/libtdb.so.1.2.12
7f7e0f53d000-7f7e0f53e000 rw-p 00011000 08:09 1976509                    /usr/lib/x86_64-linux-gnu/libtdb.so.1.2.12
7f7e0f53e000-7f7e0f545000 r-xp 00000000 08:09 1976594                    /usr/lib/x86_64-linux-gnu/libvorbisfile.so.3.3.4
7f7e0f545000-7f7e0f744000 ---p 00007000 08:09 1976594                    /usr/lib/x86_64-linux-gnu/libvorbisfile.so.3.3.4
7f7e0f744000-7f7e0f745000 r--p 00006000 08:09 1976594                    /usr/lib/x86_64-linux-gnu/libvorbisfile.so.3.3.4
7f7e0f745000-7f7e0f746000 rw-p 00007000 08:09 1976594                    /usr/lib/x86_64-linux-gnu/libvorbisfile.so.3.3.4
7f7e0f746000-7f7e0f755000 r-xp 00000000 08:09 1975732                    /usr/lib/x86_64-linux-gnu/libcanberra.so.0.2.5
7f7e0f755000-7f7e0f954000 ---p 0000f000 08:09 1975732                    /usr/lib/x86_64-linux-gnu/libcanberra.so.0.2.5
7f7e0f954000-7f7e0f955000 r--p 0000e000 08:09 1975732                    /usr/lib/x86_64-linux-gnu/libcanberra.so.0.2.5
7f7e0f955000-7f7e0f956000 rw-p 0000f000 08:09 1975732                    /usr/lib/x86_64-linux-gnu/libcanberra.so.0.2.5
7f7e0f956000-7f7e0f95a000 r-xp 00000000 08:09 1975728                    /usr/lib/x86_64-linux-gnu/libcanberra-gtk.so.0.1.9
7f7e0f95a000-7f7e0fb59000 ---p 00004000 08:09 1975728                    /usr/lib/x86_64-linux-gnu/libcanberra-gtk.so.0.1.9
7f7e0fb59000-7f7e0fb5a000 r--p 00003000 08:09 1975728                    /usr/lib/x86_64-linux-gnu/libcanberra-gtk.so.0.1.9
7f7e0fb5a000-7f7e0fb5b000 rw-p 00004000 08:09 1975728                    /usr/lib/x86_64-linux-gnu/libcanberra-gtk.so.0.1.9
7f7e0fb5b000-7f7e0fb60000 r-xp 00000000 08:09 2230958                    /usr/lib/x86_64-linux-gnu/gtk-2.0/modules/libcanberra-gtk-module.so
7f7e0fb60000-7f7e0fd5f000 ---p 00005000 08:09 2230958                    /usr/lib/x86_64-linux-gnu/gtk-2.0/modules/libcanberra-gtk-module.so
7f7e0fd5f000-7f7e0fd60000 r--p 00004000 08:09 2230958                    /usr/lib/x86_64-linux-gnu/gtk-2.0/modules/libcanberra-gtk-module.so
7f7e0fd60000-7f7e0fd61000 rw-p 00005000 08:09 2230958                    /usr/lib/x86_64-linux-gnu/gtk-2.0/modules/libcanberra-gtk-module.so
7f7e0fd61000-7f7e0fd90000 r-xp 00000000 08:09 2230940                    /usr/lib/x86_64-linux-gnu/gtk-2.0/2.10.0/engines/libmurrine.so
7f7e0fd90000-7f7e0ff90000 ---p 0002f000 08:09 2230940                    /usr/lib/x86_64-linux-gnu/gtk-2.0/2.10.0/engines/libmurrine.so
7f7e0ff90000-7f7e0ff91000 r--p 0002f000 08:09 2230940                    /usr/lib/x86_64-linux-gnu/gtk-2.0/2.10.0/engines/libmurrine.so
7f7e0ff91000-7f7e0ff92000 rw-p 00030000 08:09 2230940                    /usr/lib/x86_64-linux-gnu/gtk-2.0/2.10.0/engines/libmurrine.so
7f7e0ff92000-7f7e0ffa2000 r-xp 00000000 08:09 1967791                    /usr/lib/x86_64-linux-gnu/libunity-gtk2-parser.so.0.0.0
7f7e0ffa2000-7f7e101a1000 ---p 00010000 08:09 1967791                    /usr/lib/x86_64-linux-gnu/libunity-gtk2-parser.so.0.0.0
7f7e101a1000-7f7e101a2000 r--p 0000f000 08:09 1967791                    /usr/lib/x86_64-linux-gnu/libunity-gtk2-parser.so.0.0.0
7f7e101a2000-7f7e101a3000 rw-p 00010000 08:09 1967791                    /usr/lib/x86_64-linux-gnu/libunity-gtk2-parser.so.0.0.0
7f7e101a3000-7f7e101a8000 r-xp 00000000 08:09 2238748                    /usr/lib/x86_64-linux-gnu/gtk-2.0/modules/libunity-gtk-module.so
7f7e101a8000-7f7e103a7000 ---p 00005000 08:09 2238748                    /usr/lib/x86_64-linux-gnu/gtk-2.0/modules/libunity-gtk-module.so
7f7e103a7000-7f7e103a8000 r--p 00004000 08:09 2238748                    /usr/lib/x86_64-linux-gnu/gtk-2.0/modules/libunity-gtk-module.so
7f7e103a8000-7f7e103a9000 rw-p 00005000 08:09 2238748                    /usr/lib/x86_64-linux-gnu/gtk-2.0/modules/libunity-gtk-module.so
7f7e103a9000-7f7e103ba000 r-xp 00000000 08:09 2230961                    /usr/lib/x86_64-linux-gnu/gtk-2.0/modules/liboverlay-scrollbar.so
7f7e103ba000-7f7e105b9000 ---p 00011000 08:09 2230961                    /usr/lib/x86_64-linux-gnu/gtk-2.0/modules/liboverlay-scrollbar.so
7f7e105b9000-7f7e105ba000 r--p 00010000 08:09 2230961                    /usr/lib/x86_64-linux-gnu/gtk-2.0/modules/liboverlay-scrollbar.so
7f7e105ba000-7f7e105bb000 rw-p 00011000 08:09 2230961                    /usr/lib/x86_64-linux-gnu/gtk-2.0/modules/liboverlay-scrollbar.so
7f7e105bb000-7f7e105bc000 r-xp 00000000 08:09 1976111                    /usr/lib/x86_64-linux-gnu/libgthread-2.0.so.0.4000.0
7f7e105bc000-7f7e107bb000 ---p 00001000 08:09 1976111                    /usr/lib/x86_64-linux-gnu/libgthread-2.0.so.0.4000.0
7f7e107bb000-7f7e107bc000 r--p 00000000 08:09 1976111                    /usr/lib/x86_64-linux-gnu/libgthread-2.0.so.0.4000.0
7f7e107bc000-7f7e107bd000 rw-p 00001000 08:09 1976111                    /usr/lib/x86_64-linux-gnu/libgthread-2.0.so.0.4000.0
7f7e107bd000-7f7e107c3000 r-xp 00000000 08:09 1975796                    /usr/lib/x86_64-linux-gnu/libdatrie.so.1.3.1
7f7e107c3000-7f7e109c2000 ---p 00006000 08:09 1975796                    /usr/lib/x86_64-linux-gnu/libdatrie.so.1.3.1
7f7e109c2000-7f7e109c3000 r--p 00005000 08:09 1975796                    /usr/lib/x86_64-linux-gnu/libdatrie.so.1.3.1
7f7e109c3000-7f7e109c4000 rw-p 00006000 08:09 1975796                    /usr/lib/x86_64-linux-gnu/libdatrie.so.1.3.1
7f7e109c4000-7f7e109de000 r-xp 00000000 08:09 1976022                    /usr/lib/x86_64-linux-gnu/libgraphite2.so.3.0.1
7f7e109de000-7f7e10bdd000 ---p 0001a000 08:09 1976022                    /usr/lib/x86_64-linux-gnu/libgraphite2.so.3.0.1
7f7e10bdd000-7f7e10bdf000 r--p 00019000 08:09 1976022                    /usr/lib/x86_64-linux-gnu/libgraphite2.so.3.0.1
7f7e10bdf000-7f7e10be0000 rw-p 0001b000 08:09 1976022                    /usr/lib/x86_64-linux-gnu/libgraphite2.so.3.0.1
7f7e10be0000-7f7e10c1d000 r-xp 00000000 08:09 266379                     /lib/x86_64-linux-gnu/libpcre.so.3.13.1
7f7e10c1d000-7f7e10e1c000 ---p 0003d000 08:09 266379                     /lib/x86_64-linux-gnu/libpcre.so.3.13.1
7f7e10e1c000-7f7e10e1d000 r--p 0003c000 08:09 266379                     /lib/x86_64-linux-gnu/libpcre.so.3.13.1
7f7e10e1d000-7f7e10e1e000 rw-p 0003d000 08:09 266379                     /lib/x86_64-linux-gnu/libpcre.so.3.13.1
7f7e10e1e000-7f7e10e25000 r-xp 00000000 08:09 1975871                    /usr/lib/x86_64-linux-gnu/libffi.so.6.0.1
7f7e10e25000-7f7e11024000 ---p 00007000 08:09 1975871                    /usr/lib/x86_64-linux-gnu/libffi.so.6.0.1
7f7e11024000-7f7e11025000 r--p 00006000 08:09 1975871                    /usr/lib/x86_64-linux-gnu/libffi.so.6.0.1
7f7e11025000-7f7e11026000 rw-p 00007000 08:09 1975871                    /usr/lib/x86_64-linux-gnu/libffi.so.6.0.1
7f7e11026000-7f7e1104d000 r-xp 00000000 08:09 266298                     /lib/x86_64-linux-gnu/libexpat.so.1.6.0
7f7e1104d000-7f7e1124d000 ---p 00027000 08:09 266298                     /lib/x86_64-linux-gnu/libexpat.so.1.6.0
7f7e1124d000-7f7e1124f000 r--p 00027000 08:09 266298                     /lib/x86_64-linux-gnu/libexpat.so.1.6.0
7f7e1124f000-7f7e11250000 rw-p 00029000 08:09 266298                     /lib/x86_64-linux-gnu/libexpat.so.1.6.0
7f7e11250000-7f7e11258000 r-xp 00000000 08:09 1976521                    /usr/lib/x86_64-linux-gnu/libthai.so.0.2.0
7f7e11258000-7f7e11457000 ---p 00008000 08:09 1976521                    /usr/lib/x86_64-linux-gnu/libthai.so.0.2.0
7f7e11457000-7f7e11458000 r--p 00007000 08:09 1976521                    /usr/lib/x86_64-linux-gnu/libthai.so.0.2.0
7f7e11458000-7f7e11459000 rw-p 00008000 08:09 1976521                    /usr/lib/x86_64-linux-gnu/libthai.so.0.2.0
7f7e11459000-7f7e114ac000 r-xp 00000000 08:09 1966727                    /usr/lib/x86_64-linux-gnu/libharfbuzz.so.0.927.0
7f7e114ac000-7f7e116ac000 ---p 00053000 08:09 1966727                    /usr/lib/x86_64-linux-gnu/libharfbuzz.so.0.927.0
7f7e116ac000-7f7e116ad000 r--p 00053000 08:09 1966727                    /usr/lib/x86_64-linux-gnu/libharfbuzz.so.0.927.0
7f7e116ad000-7f7e116ae000 rw-p 00054000 08:09 1966727                    /usr/lib/x86_64-linux-gnu/libharfbuzz.so.0.927.0
7f7e116ae000-7f7e116c5000 r-xp 00000000 08:09 266283                     /lib/x86_64-linux-gnu/libresolv-2.19.so
7f7e116c5000-7f7e118c5000 ---p 00017000 08:09 266283                     /lib/x86_64-linux-gnu/libresolv-2.19.so
7f7e118c5000-7f7e118c6000 r--p 00017000 08:09 266283                     /lib/x86_64-linux-gnu/libresolv-2.19.so
7f7e118c6000-7f7e118c7000 rw-p 00018000 08:09 266283                     /lib/x86_64-linux-gnu/libresolv-2.19.so
7f7e118c7000-7f7e118c9000 rw-p 00000000 00:00 0 
7f7e118c9000-7f7e118e9000 r-xp 00000000 08:09 266406                     /lib/x86_64-linux-gnu/libselinux.so.1
7f7e118e9000-7f7e11ae8000 ---p 00020000 08:09 266406                     /lib/x86_64-linux-gnu/libselinux.so.1
7f7e11ae8000-7f7e11ae9000 r--p 0001f000 08:09 266406                     /lib/x86_64-linux-gnu/libselinux.so.1
7f7e11ae9000-7f7e11aea000 rw-p 00020000 08:09 266406                     /lib/x86_64-linux-gnu/libselinux.so.1
7f7e11aea000-7f7e11aec000 rw-p 00000000 00:00 0 
7f7e11aec000-7f7e11b04000 r-xp 00000000 08:09 266439                     /lib/x86_64-linux-gnu/libz.so.1.2.8
7f7e11b04000-7f7e11d03000 ---p 00018000 08:09 266439                     /lib/x86_64-linux-gnu/libz.so.1.2.8
7f7e11d03000-7f7e11d04000 r--p 00017000 08:09 266439                     /lib/x86_64-linux-gnu/libz.so.1.2.8
7f7e11d04000-7f7e11d05000 rw-p 00018000 08:09 266439                     /lib/x86_64-linux-gnu/libz.so.1.2.8
7f7e11d05000-7f7e11d0d000 r-xp 00000000 08:09 1976649                    /usr/lib/x86_64-linux-gnu/libxcb-render.so.0.0.0
7f7e11d0d000-7f7e11f0c000 ---p 00008000 08:09 1976649                    /usr/lib/x86_64-linux-gnu/libxcb-render.so.0.0.0
7f7e11f0c000-7f7e11f0d000 r--p 00007000 08:09 1976649                    /usr/lib/x86_64-linux-gnu/libxcb-render.so.0.0.0
7f7e11f0d000-7f7e11f0e000 rw-p 00008000 08:09 1976649                    /usr/lib/x86_64-linux-gnu/libxcb-render.so.0.0.0
7f7e11f0e000-7f7e11f10000 r-xp 00000000 08:09 1976653                    /usr/lib/x86_64-linux-gnu/libxcb-shm.so.0.0.0
7f7e11f10000-7f7e1210f000 ---p 00002000 08:09 1976653                    /usr/lib/x86_64-linux-gnu/libxcb-shm.so.0.0.0
7f7e1210f000-7f7e12110000 r--p 00001000 08:09 1976653                    /usr/lib/x86_64-linux-gnu/libxcb-shm.so.0.0.0
7f7e12110000-7f7e12111000 rw-p 00002000 08:09 1976653                    /usr/lib/x86_64-linux-gnu/libxcb-shm.so.0.0.0
7f7e12111000-7f7e12136000 r-xp 00000000 08:09 266391                     /lib/x86_64-linux-gnu/libpng12.so.0.50.0
7f7e12136000-7f7e12335000 ---p 00025000 08:09 266391                     /lib/x86_64-linux-gnu/libpng12.so.0.50.0
7f7e12335000-7f7e12336000 r--p 00024000 08:09 266391                     /lib/x86_64-linux-gnu/libpng12.so.0.50.0
7f7e12336000-7f7e12337000 rw-p 00025000 08:09 266391                     /lib/x86_64-linux-gnu/libpng12.so.0.50.0
7f7e12337000-7f7e123d8000 r-xp 00000000 08:09 1976351                    /usr/lib/x86_64-linux-gnu/libpixman-1.so.0.30.2
7f7e123d8000-7f7e125d8000 ---p 000a1000 08:09 1976351                    /usr/lib/x86_64-linux-gnu/libpixman-1.so.0.30.2
7f7e125d8000-7f7e125df000 r--p 000a1000 08:09 1976351                    /usr/lib/x86_64-linux-gnu/libpixman-1.so.0.30.2
7f7e125df000-7f7e125e0000 rw-p 000a8000 08:09 1976351                    /usr/lib/x86_64-linux-gnu/libpixman-1.so.0.30.2
7f7e125e0000-7f7e1267d000 r-xp 00000000 08:09 1975913                    /usr/lib/x86_64-linux-gnu/libfreetype.so.6.11.1
7f7e1267d000-7f7e1287c000 ---p 0009d000 08:09 1975913                    /usr/lib/x86_64-linux-gnu/libfreetype.so.6.11.1
7f7e1287c000-7f7e12882000 r--p 0009c000 08:09 1975913                    /usr/lib/x86_64-linux-gnu/libfreetype.so.6.11.1
7f7e12882000-7f7e12883000 rw-p 000a2000 08:09 1975913                    /usr/lib/x86_64-linux-gnu/libfreetype.so.6.11.1
7f7e12883000-7f7e12885000 r-xp 00000000 08:09 1975602                    /usr/lib/x86_64-linux-gnu/libXdamage.so.1.1.0
7f7e12885000-7f7e12a84000 ---p 00002000 08:09 1975602                    /usr/lib/x86_64-linux-gnu/libXdamage.so.1.1.0
7f7e12a84000-7f7e12a85000 r--p 00001000 08:09 1975602                    /usr/lib/x86_64-linux-gnu/libXdamage.so.1.1.0
7f7e12a85000-7f7e12a86000 rw-p 00002000 08:09 1975602                    /usr/lib/x86_64-linux-gnu/libXdamage.so.1.1.0
7f7e12a86000-7f7e12a88000 r-xp 00000000 08:09 1975598                    /usr/lib/x86_64-linux-gnu/libXcomposite.so.1.0.0
7f7e12a88000-7f7e12c87000 ---p 00002000 08:09 1975598                    /usr/lib/x86_64-linux-gnu/libXcomposite.so.1.0.0
7f7e12c87000-7f7e12c88000 r--p 00001000 08:09 1975598                    /usr/lib/x86_64-linux-gnu/libXcomposite.so.1.0.0
7f7e12c88000-7f7e12c89000 rw-p 00002000 08:09 1975598                    /usr/lib/x86_64-linux-gnu/libXcomposite.so.1.0.0
7f7e12c89000-7f7e12c92000 r-xp 00000000 08:09 1975626                    /usr/lib/x86_64-linux-gnu/libXrandr.so.2.2.0
7f7e12c92000-7f7e12e91000 ---p 00009000 08:09 1975626                    /usr/lib/x86_64-linux-gnu/libXrandr.so.2.2.0
7f7e12e91000-7f7e12e92000 r--p 00008000 08:09 1975626                    /usr/lib/x86_64-linux-gnu/libXrandr.so.2.2.0
7f7e12e92000-7f7e12e93000 rw-p 00009000 08:09 1975626                    /usr/lib/x86_64-linux-gnu/libXrandr.so.2.2.0
7f7e12e93000-7f7e12e95000 r-xp 00000000 08:09 1975616                    /usr/lib/x86_64-linux-gnu/libXinerama.so.1.0.0
7f7e12e95000-7f7e13094000 ---p 00002000 08:09 1975616                    /usr/lib/x86_64-linux-gnu/libXinerama.so.1.0.0
7f7e13094000-7f7e13095000 r--p 00001000 08:09 1975616                    /usr/lib/x86_64-linux-gnu/libXinerama.so.1.0.0
7f7e13095000-7f7e13096000 rw-p 00002000 08:09 1975616                    /usr/lib/x86_64-linux-gnu/libXinerama.so.1.0.0
7f7e13096000-7f7e1319c000 r-xp 00000000 08:09 266307                     /lib/x86_64-linux-gnu/libglib-2.0.so.0.4000.0
7f7e1319c000-7f7e1339b000 ---p 00106000 08:09 266307                     /lib/x86_64-linux-gnu/libglib-2.0.so.0.4000.0
7f7e1339b000-7f7e1339c000 r--p 00105000 08:09 266307                     /lib/x86_64-linux-gnu/libglib-2.0.so.0.4000.0
7f7e1339c000-7f7e1339d000 rw-p 00106000 08:09 266307                     /lib/x86_64-linux-gnu/libglib-2.0.so.0.4000.0
7f7e1339d000-7f7e1339e000 rw-p 00000000 00:00 0 
7f7e1339e000-7f7e133ed000 r-xp 00000000 08:09 1976004                    /usr/lib/x86_64-linux-gnu/libgobject-2.0.so.0.4000.0
7f7e133ed000-7f7e135ed000 ---p 0004f000 08:09 1976004                    /usr/lib/x86_64-linux-gnu/libgobject-2.0.so.0.4000.0
7f7e135ed000-7f7e135ee000 r--p 0004f000 08:09 1976004                    /usr/lib/x86_64-linux-gnu/libgobject-2.0.so.0.4000.0
7f7e135ee000-7f7e135ef000 rw-p 00050000 08:09 1976004                    /usr/lib/x86_64-linux-gnu/libgobject-2.0.so.0.4000.0
7f7e135ef000-7f7e13629000 r-xp 00000000 08:09 1975885                    /usr/lib/x86_64-linux-gnu/libfontconfig.so.1.8.0
7f7e13629000-7f7e13828000 ---p 0003a000 08:09 1975885                    /usr/lib/x86_64-linux-gnu/libfontconfig.so.1.8.0
7f7e13828000-7f7e1382a000 r--p 00039000 08:09 1975885                    /usr/lib/x86_64-linux-gnu/libfontconfig.so.1.8.0
7f7e1382a000-7f7e1382b000 rw-p 0003b000 08:09 1975885                    /usr/lib/x86_64-linux-gnu/libfontconfig.so.1.8.0
7f7e1382b000-7f7e13875000 r-xp 00000000 08:09 1968231                    /usr/lib/x86_64-linux-gnu/libpango-1.0.so.0.3600.3
7f7e13875000-7f7e13a75000 ---p 0004a000 08:09 1968231                    /usr/lib/x86_64-linux-gnu/libpango-1.0.so.0.3600.3
7f7e13a75000-7f7e13a77000 r--p 0004a000 08:09 1968231                    /usr/lib/x86_64-linux-gnu/libpango-1.0.so.0.3600.3
7f7e13a77000-7f7e13a78000 rw-p 0004c000 08:09 1968231                    /usr/lib/x86_64-linux-gnu/libpango-1.0.so.0.3600.3
7f7e13a78000-7f7e13a8c000 r-xp 00000000 08:09 1968241                    /usr/lib/x86_64-linux-gnu/libpangoft2-1.0.so.0.3600.3
7f7e13a8c000-7f7e13c8b000 ---p 00014000 08:09 1968241                    /usr/lib/x86_64-linux-gnu/libpangoft2-1.0.so.0.3600.3
7f7e13c8b000-7f7e13c8c000 r--p 00013000 08:09 1968241                    /usr/lib/x86_64-linux-gnu/libpangoft2-1.0.so.0.3600.3
7f7e13c8c000-7f7e13c8d000 rw-p 00014000 08:09 1968241                    /usr/lib/x86_64-linux-gnu/libpangoft2-1.0.so.0.3600.3
7f7e13c8d000-7f7e13df8000 r-xp 00000000 08:09 1975974                    /usr/lib/x86_64-linux-gnu/libgio-2.0.so.0.4000.0
7f7e13df8000-7f7e13ff8000 ---p 0016b000 08:09 1975974                    /usr/lib/x86_64-linux-gnu/libgio-2.0.so.0.4000.0
7f7e13ff8000-7f7e13ffc000 r--p 0016b000 08:09 1975974                    /usr/lib/x86_64-linux-gnu/libgio-2.0.so.0.4000.0
7f7e13ffc000-7f7e13ffe000 rw-p 0016f000 08:09 1975974                    /usr/lib/x86_64-linux-gnu/libgio-2.0.so.0.4000.0
7f7e13ffe000-7f7e14000000 rw-p 00000000 00:00 0 
7f7e14000000-7f7e14021000 rw-p 00000000 00:00 0 
7f7e14021000-7f7e18000000 ---p 00000000 00:00 0 
7f7e18000000-7f7e18021000 rw-p 00000000 00:00 0 
7f7e18021000-7f7e1c000000 ---p 00000000 00:00 0 
7f7e1c000000-7f7e1c027000 rw-p 00000000 00:00 0 
7f7e1c027000-7f7e20000000 ---p 00000000 00:00 0 
7f7e20000000-7f7e20021000 rw-p 00000000 00:00 0 
7f7e20021000-7f7e24000000 ---p 00000000 00:00 0 
7f7e24000000-7f7e24021000 rw-p 00000000 00:00 0 
7f7e24021000-7f7e28000000 ---p 00000000 00:00 0 
7f7e28000000-7f7e28021000 rw-p 00000000 00:00 0 
7f7e28021000-7f7e2c000000 ---p 00000000 00:00 0 
7f7e2c000000-7f7e2c023000 rw-p 00000000 00:00 0 
7f7e2c023000-7f7e30000000 ---p 00000000 00:00 0 
7f7e30000000-7f7e30021000 rw-p 00000000 00:00 0 
7f7e30021000-7f7e34000000 ---p 00000000 00:00 0 
7f7e3403a000-7f7e3403d000 ---p 00000000 00:00 0 
7f7e3403d000-7f7e3413b000 rw-p 00000000 00:00 0 
7f7e3413b000-7f7e3415a000 r-xp 00000000 08:09 1975950                    /usr/lib/x86_64-linux-gnu/libgdk_pixbuf-2.0.so.0.3000.7
7f7e3415a000-7f7e3435a000 ---p 0001f000 08:09 1975950                    /usr/lib/x86_64-linux-gnu/libgdk_pixbuf-2.0.so.0.3000.7
7f7e3435a000-7f7e3435b000 r--p 0001f000 08:09 1975950                    /usr/lib/x86_64-linux-gnu/libgdk_pixbuf-2.0.so.0.3000.7
7f7e3435b000-7f7e3435c000 rw-p 00020000 08:09 1975950                    /usr/lib/x86_64-linux-gnu/libgdk_pixbuf-2.0.so.0.3000.7
7f7e3435c000-7f7e34462000 r-xp 00000000 08:09 1975724                    /usr/lib/x86_64-linux-gnu/libcairo.so.2.11301.0
7f7e34462000-7f7e34661000 ---p 00106000 08:09 1975724                    /usr/lib/x86_64-linux-gnu/libcairo.so.2.11301.0
7f7e34661000-7f7e34664000 r--p 00105000 08:09 1975724                    /usr/lib/x86_64-linux-gnu/libcairo.so.2.11301.0
7f7e34664000-7f7e34665000 rw-p 00108000 08:09 1975724                    /usr/lib/x86_64-linux-gnu/libcairo.so.2.11301.0
7f7e34665000-7f7e34667000 rw-p 00000000 00:00 0 
7f7e34667000-7f7e34686000 r-xp 00000000 08:09 1975685                    /usr/lib/x86_64-linux-gnu/libatk-1.0.so.0.21009.1
7f7e34686000-7f7e34886000 ---p 0001f000 08:09 1975685                    /usr/lib/x86_64-linux-gnu/libatk-1.0.so.0.21009.1
7f7e34886000-7f7e34888000 r--p 0001f000 08:09 1975685                    /usr/lib/x86_64-linux-gnu/libatk-1.0.so.0.21009.1
7f7e34888000-7f7e34889000 rw-p 00021000 08:09 1975685                    /usr/lib/x86_64-linux-gnu/libatk-1.0.so.0.21009.1
7f7e34889000-7f7e34894000 r-xp 00000000 08:09 1968228                    /usr/lib/x86_64-linux-gnu/libpangocairo-1.0.so.0.3600.3
7f7e34894000-7f7e34a94000 ---p 0000b000 08:09 1968228                    /usr/lib/x86_64-linux-gnu/libpangocairo-1.0.so.0.3600.3
7f7e34a94000-7f7e34a95000 r--p 0000b000 08:09 1968228                    /usr/lib/x86_64-linux-gnu/libpangocairo-1.0.so.0.3600.3
7f7e34a95000-7f7e34a96000 rw-p 0000c000 08:09 1968228                    /usr/lib/x86_64-linux-gnu/libpangocairo-1.0.so.0.3600.3
7f7e34a96000-7f7e34a99000 r-xp 00000000 08:09 1975988                    /usr/lib/x86_64-linux-gnu/libgmodule-2.0.so.0.4000.0
7f7e34a99000-7f7e34c98000 ---p 00003000 08:09 1975988                    /usr/lib/x86_64-linux-gnu/libgmodule-2.0.so.0.4000.0
7f7e34c98000-7f7e34c99000 r--p 00002000 08:09 1975988                    /usr/lib/x86_64-linux-gnu/libgmodule-2.0.so.0.4000.0
7f7e34c99000-7f7e34c9a000 rw-p 00003000 08:09 1975988                    /usr/lib/x86_64-linux-gnu/libgmodule-2.0.so.0.4000.0
7f7e34c9a000-7f7e34d47000 r-xp 00000000 08:09 1975948                    /usr/lib/x86_64-linux-gnu/libgdk-x11-2.0.so.0.2400.23
7f7e34d47000-7f7e34f46000 ---p 000ad000 08:09 1975948                    /usr/lib/x86_64-linux-gnu/libgdk-x11-2.0.so.0.2400.23
7f7e34f46000-7f7e34f4a000 r--p 000ac000 08:09 1975948                    /usr/lib/x86_64-linux-gnu/libgdk-x11-2.0.so.0.2400.23
7f7e34f4a000-7f7e34f4c000 rw-p 000b0000 08:09 1975948                    /usr/lib/x86_64-linux-gnu/libgdk-x11-2.0.so.0.2400.23
7f7e34f4c000-7f7e3537b000 r-xp 00000000 08:09 1976115                    /usr/lib/x86_64-linux-gnu/libgtk-x11-2.0.so.0.2400.23
7f7e3537b000-7f7e3557a000 ---p 0042f000 08:09 1976115                    /usr/lib/x86_64-linux-gnu/libgtk-x11-2.0.so.0.2400.23
7f7e3557a000-7f7e35581000 r--p 0042e000 08:09 1976115                    /usr/lib/x86_64-linux-gnu/libgtk-x11-2.0.so.0.2400.23
7f7e35581000-7f7e35585000 rw-p 00435000 08:09 1976115                    /usr/lib/x86_64-linux-gnu/libgtk-x11-2.0.so.0.2400.23
7f7e35585000-7f7e35788000 rw-p 00000000 00:00 0 
7f7e35788000-7f7e3578b000 ---p 00000000 00:00 0 
7f7e3578b000-7f7e35889000 rw-p 00000000 00:00 0                          [stack:4760]
7f7e35889000-7f7e3588c000 ---p 00000000 00:00 0 
7f7e3588c000-7f7e3598a000 rw-p 00000000 00:00 0 
7f7e3598a000-7f7e3598d000 ---p 00000000 00:00 0 
7f7e3598d000-7f7e35a8b000 rw-p 00000000 00:00 0                          [stack:3344]
7f7e35a8b000-7f7e35a8e000 ---p 00000000 00:00 0 
7f7e35a8e000-7f7e35b8c000 rw-p 00000000 00:00 0                          [stack:3342]
7f7e35b8c000-7f7e35b91000 r-xp 00000000 08:09 1975608                    /usr/lib/x86_64-linux-gnu/libXfixes.so.3.1.0
7f7e35b91000-7f7e35d90000 ---p 00005000 08:09 1975608                    /usr/lib/x86_64-linux-gnu/libXfixes.so.3.1.0
7f7e35d90000-7f7e35d91000 r--p 00004000 08:09 1975608                    /usr/lib/x86_64-linux-gnu/libXfixes.so.3.1.0
7f7e35d91000-7f7e35d92000 rw-p 00005000 08:09 1975608                    /usr/lib/x86_64-linux-gnu/libXfixes.so.3.1.0
7f7e35d92000-7f7e35d9b000 r-xp 00000000 08:09 1975600                    /usr/lib/x86_64-linux-gnu/libXcursor.so.1.0.2
7f7e35d9b000-7f7e35f9a000 ---p 00009000 08:09 1975600                    /usr/lib/x86_64-linux-gnu/libXcursor.so.1.0.2
7f7e35f9a000-7f7e35f9b000 r--p 00008000 08:09 1975600                    /usr/lib/x86_64-linux-gnu/libXcursor.so.1.0.2
7f7e35f9b000-7f7e35f9c000 rw-p 00009000 08:09 1975600                    /usr/lib/x86_64-linux-gnu/libXcursor.so.1.0.2
7f7e35f9c000-7f7e35f9f000 ---p 00000000 00:00 0 
7f7e35f9f000-7f7e3609d000 rw-p 00000000 00:00 0                          [stack:3341]
7f7e3609d000-7f7e360b3000 r-xp 00000000 08:09 266245                     /lib/x86_64-linux-gnu/libgcc_s.so.1
7f7e360b3000-7f7e362b2000 ---p 00016000 08:09 266245                     /lib/x86_64-linux-gnu/libgcc_s.so.1
7f7e362b2000-7f7e362b3000 rw-p 00015000 08:09 266245                     /lib/x86_64-linux-gnu/libgcc_s.so.1
7f7e362b3000-7f7e36317000 r-xp 00000000 08:09 2239682                    /usr/lib/jvm/java-8-oracle/jre/lib/amd64/libfontmanager.so
7f7e36317000-7f7e36517000 ---p 00064000 08:09 2239682                    /usr/lib/jvm/java-8-oracle/jre/lib/amd64/libfontmanager.so
7f7e36517000-7f7e3651b000 rw-p 00064000 08:09 2239682                    /usr/lib/jvm/java-8-oracle/jre/lib/amd64/libfontmanager.so
7f7e3651b000-7f7e3652c000 rw-p 00000000 00:00 0 
7f7e3652c000-7f7e3652f000 ---p 00000000 00:00 0 
7f7e3652f000-7f7e3662d000 rw-p 00000000 00:00 0                          [stack:3343]
7f7e3662d000-7f7e36632000 r-xp 00000000 08:09 1975604                    /usr/lib/x86_64-linux-gnu/libXdmcp.so.6.0.0
7f7e36632000-7f7e36831000 ---p 00005000 08:09 1975604                    /usr/lib/x86_64-linux-gnu/libXdmcp.so.6.0.0
7f7e36831000-7f7e36832000 r--p 00004000 08:09 1975604                    /usr/lib/x86_64-linux-gnu/libXdmcp.so.6.0.0
7f7e36832000-7f7e36833000 rw-p 00005000 08:09 1975604                    /usr/lib/x86_64-linux-gnu/libXdmcp.so.6.0.0
7f7e36833000-7f7e36835000 r-xp 00000000 08:09 1975593                    /usr/lib/x86_64-linux-gnu/libXau.so.6.0.0
7f7e36835000-7f7e36a35000 ---p 00002000 08:09 1975593                    /usr/lib/x86_64-linux-gnu/libXau.so.6.0.0
7f7e36a35000-7f7e36a36000 r--p 00002000 08:09 1975593                    /usr/lib/x86_64-linux-gnu/libXau.so.6.0.0
7f7e36a36000-7f7e36a37000 rw-p 00003000 08:09 1975593                    /usr/lib/x86_64-linux-gnu/libXau.so.6.0.0
7f7e36a37000-7f7e36a54000 r-xp 00000000 08:09 1976663                    /usr/lib/x86_64-linux-gnu/libxcb.so.1.1.0
7f7e36a54000-7f7e36c54000 ---p 0001d000 08:09 1976663                    /usr/lib/x86_64-linux-gnu/libxcb.so.1.1.0
7f7e36c54000-7f7e36c55000 r--p 0001d000 08:09 1976663                    /usr/lib/x86_64-linux-gnu/libxcb.so.1.1.0
7f7e36c55000-7f7e36c56000 rw-p 0001e000 08:09 1976663                    /usr/lib/x86_64-linux-gnu/libxcb.so.1.1.0
7f7e36c56000-7f7e36c65000 r-xp 00000000 08:09 1975614                    /usr/lib/x86_64-linux-gnu/libXi.so.6.1.0
7f7e36c65000-7f7e36e64000 ---p 0000f000 08:09 1975614                    /usr/lib/x86_64-linux-gnu/libXi.so.6.1.0
7f7e36e64000-7f7e36e65000 r--p 0000e000 08:09 1975614                    /usr/lib/x86_64-linux-gnu/libXi.so.6.1.0
7f7e36e65000-7f7e36e66000 rw-p 0000f000 08:09 1975614                    /usr/lib/x86_64-linux-gnu/libXi.so.6.1.0
7f7e36e66000-7f7e36e6b000 r-xp 00000000 08:09 1975634                    /usr/lib/x86_64-linux-gnu/libXtst.so.6.1.0
7f7e36e6b000-7f7e3706a000 ---p 00005000 08:09 1975634                    /usr/lib/x86_64-linux-gnu/libXtst.so.6.1.0
7f7e3706a000-7f7e3706b000 r--p 00004000 08:09 1975634                    /usr/lib/x86_64-linux-gnu/libXtst.so.6.1.0
7f7e3706b000-7f7e3706c000 rw-p 00005000 08:09 1975634                    /usr/lib/x86_64-linux-gnu/libXtst.so.6.1.0
7f7e3706c000-7f7e37075000 r-xp 00000000 08:09 1975628                    /usr/lib/x86_64-linux-gnu/libXrender.so.1.3.0
7f7e37075000-7f7e37274000 ---p 00009000 08:09 1975628                    /usr/lib/x86_64-linux-gnu/libXrender.so.1.3.0
7f7e37274000-7f7e37275000 r--p 00008000 08:09 1975628                    /usr/lib/x86_64-linux-gnu/libXrender.so.1.3.0
7f7e37275000-7f7e37276000 rw-p 00009000 08:09 1975628                    /usr/lib/x86_64-linux-gnu/libXrender.so.1.3.0
7f7e37276000-7f7e373a6000 r-xp 00000000 08:09 1975589                    /usr/lib/x86_64-linux-gnu/libX11.so.6.3.0
7f7e373a6000-7f7e375a6000 ---p 00130000 08:09 1975589                    /usr/lib/x86_64-linux-gnu/libX11.so.6.3.0
7f7e375a6000-7f7e375a7000 r--p 00130000 08:09 1975589                    /usr/lib/x86_64-linux-gnu/libX11.so.6.3.0
7f7e375a7000-7f7e375ab000 rw-p 00131000 08:09 1975589                    /usr/lib/x86_64-linux-gnu/libX11.so.6.3.0
7f7e375ab000-7f7e375bc000 r-xp 00000000 08:09 1975606                    /usr/lib/x86_64-linux-gnu/libXext.so.6.4.0
7f7e375bc000-7f7e377bb000 ---p 00011000 08:09 1975606                    /usr/lib/x86_64-linux-gnu/libXext.so.6.4.0
7f7e377bb000-7f7e377bc000 r--p 00010000 08:09 1975606                    /usr/lib/x86_64-linux-gnu/libXext.so.6.4.0
7f7e377bc000-7f7e377bd000 rw-p 00011000 08:09 1975606                    /usr/lib/x86_64-linux-gnu/libXext.so.6.4.0
7f7e377bd000-7f7e37811000 r-xp 00000000 08:09 2239540                    /usr/lib/jvm/java-8-oracle/jre/lib/amd64/libawt_xawt.so
7f7e37811000-7f7e37a11000 ---p 00054000 08:09 2239540                    /usr/lib/jvm/java-8-oracle/jre/lib/amd64/libawt_xawt.so
7f7e37a11000-7f7e37a15000 rw-p 00054000 08:09 2239540                    /usr/lib/jvm/java-8-oracle/jre/lib/amd64/libawt_xawt.so
7f7e37a15000-7f7e37a16000 rw-p 00000000 00:00 0 
7f7e37a16000-7f7e37ab8000 r-xp 00000000 08:09 2239675                    /usr/lib/jvm/java-8-oracle/jre/lib/amd64/libawt.so
7f7e37ab8000-7f7e37cb8000 ---p 000a2000 08:09 2239675                    /usr/lib/jvm/java-8-oracle/jre/lib/amd64/libawt.so
7f7e37cb8000-7f7e37cc4000 rw-p 000a2000 08:09 2239675                    /usr/lib/jvm/java-8-oracle/jre/lib/amd64/libawt.so
7f7e37cc4000-7f7e37ce8000 rw-p 00000000 00:00 0 
7f7e37ce8000-7f7e37ceb000 ---p 00000000 00:00 0 
7f7e37ceb000-7f7e37de9000 rw-p 00000000 00:00 0                          [stack:3339]
7f7e37de9000-7f7e37dff000 r-xp 00000000 08:09 2239555                    /usr/lib/jvm/java-8-oracle/jre/lib/amd64/libnet.so
7f7e37dff000-7f7e37fff000 ---p 00016000 08:09 2239555                    /usr/lib/jvm/java-8-oracle/jre/lib/amd64/libnet.so
7f7e37fff000-7f7e38000000 rw-p 00016000 08:09 2239555                    /usr/lib/jvm/java-8-oracle/jre/lib/amd64/libnet.so
7f7e38000000-7f7e38209000 rw-p 00000000 00:00 0 
7f7e38209000-7f7e3c000000 ---p 00000000 00:00 0 
7f7e3c000000-7f7e3c021000 rw-p 00000000 00:00 0 
7f7e3c021000-7f7e40000000 ---p 00000000 00:00 0 
7f7e40000000-7f7e401bf000 rw-p 00000000 00:00 0 
7f7e401bf000-7f7e44000000 ---p 00000000 00:00 0 
7f7e44000000-7f7e44281000 rw-p 00000000 00:00 0 
7f7e44281000-7f7e48000000 ---p 00000000 00:00 0 
7f7e48000000-7f7e48021000 rw-p 00000000 00:00 0 
7f7e48021000-7f7e4c000000 ---p 00000000 00:00 0 
7f7e4c000000-7f7e4c021000 rw-p 00000000 00:00 0 
7f7e4c021000-7f7e50000000 ---p 00000000 00:00 0 
7f7e50000000-7f7e50021000 rw-p 00000000 00:00 0 
7f7e50021000-7f7e54000000 ---p 00000000 00:00 0 
7f7e54000000-7f7e54021000 rw-p 00000000 00:00 0 
7f7e54021000-7f7e58000000 ---p 00000000 00:00 0 
7f7e58000000-7f7e58021000 rw-p 00000000 00:00 0 
7f7e58021000-7f7e5c000000 ---p 00000000 00:00 0 
7f7e5c000000-7f7e5c021000 rw-p 00000000 00:00 0 
7f7e5c021000-7f7e60000000 ---p 00000000 00:00 0 
7f7e60000000-7f7e60021000 rw-p 00000000 00:00 0 
7f7e60021000-7f7e64000000 ---p 00000000 00:00 0 
7f7e64037000-7f7e64055000 r--s 00000000 08:09 2369888                    /usr/share/mime/mime.cache
7f7e64055000-7f7e64095000 r--p 00000000 08:09 2374413                    /usr/share/glib-2.0/schemas/gschemas.compiled
7f7e64095000-7f7e640ae000 r--p 00000000 08:09 2627159                    /usr/share/locale-langpack/es/LC_MESSAGES/glib20.mo
7f7e640ae000-7f7e640af000 ---p 00000000 00:00 0 
7f7e640af000-7f7e641af000 rw-p 00000000 00:00 0                          [stack:3338]
7f7e641af000-7f7e641b2000 ---p 00000000 00:00 0 
7f7e641b2000-7f7e68000000 rw-p 00000000 00:00 0                          [stack:3337]
7f7e68000000-7f7e68021000 rw-p 00000000 00:00 0 
7f7e68021000-7f7e6c000000 ---p 00000000 00:00 0 
7f7e6c015000-7f7e6c018000 ---p 00000000 00:00 0 
7f7e6c018000-7f7e6c116000 rw-p 00000000 00:00 0                          [stack:3336]
7f7e6c116000-7f7e6c119000 ---p 00000000 00:00 0 
7f7e6c119000-7f7e6c217000 rw-p 00000000 00:00 0                          [stack:3335]
7f7e6c217000-7f7e6c21a000 ---p 00000000 00:00 0 
7f7e6c21a000-7f7e6c318000 rw-p 00000000 00:00 0                          [stack:3334]
7f7e6c318000-7f7e6c31b000 ---p 00000000 00:00 0 
7f7e6c31b000-7f7e6c419000 rw-p 00000000 00:00 0                          [stack:3333]
7f7e6c419000-7f7e6cafb000 r--p 00000000 08:09 1974284                    /usr/lib/locale/locale-archive
7f7e6cafb000-7f7e6cafe000 ---p 00000000 00:00 0 
7f7e6cafe000-7f7e6cbfc000 rw-p 00000000 00:00 0                          [stack:3332]
7f7e6cbfc000-7f7e6cbff000 ---p 00000000 00:00 0 
7f7e6cbff000-7f7e6ccfd000 rw-p 00000000 00:00 0                          [stack:3331]
7f7e6ccfd000-7f7e6ccfe000 ---p 00000000 00:00 0 
7f7e6ccfe000-7f7e6d000000 rw-p 00000000 00:00 0                          [stack:3330]
7f7e6d000000-7f7e6d2a0000 rwxp 00000000 00:00 0 
7f7e6d2a0000-7f7e7c000000 ---p 00000000 00:00 0 
7f7e7c000000-7f7e7c4f0000 rw-p 00000000 00:00 0 
7f7e7c4f0000-7f7e80000000 ---p 00000000 00:00 0 
7f7e8000e000-7f7e80012000 r--s 00093000 08:09 2239853                    /usr/lib/jvm/java-8-oracle/jre/lib/jsse.jar
7f7e80012000-7f7e80015000 r--p 00000000 00:19 6164261                    /home/rodro/.config/dconf/user (deleted)
7f7e80015000-7f7e8003f000 r--p 00000000 08:09 2627203                    /usr/share/locale-langpack/es/LC_MESSAGES/gtk20-properties.mo
7f7e8003f000-7f7e8004e000 r--p 00000000 08:09 2627204                    /usr/share/locale-langpack/es/LC_MESSAGES/gtk20.mo
7f7e8004e000-7f7e8006a000 r--s 00393000 08:09 2239528                    /usr/lib/jvm/java-8-oracle/jre/lib/ext/cldrdata.jar
7f7e8006a000-7f7e80074000 r--s 00116000 08:09 2239525                    /usr/lib/jvm/java-8-oracle/jre/lib/ext/localedata.jar
7f7e80074000-7f7e8009a000 r--p 00000000 08:09 2627260                    /usr/share/locale-langpack/es/LC_MESSAGES/libc.mo
7f7e8009a000-7f7e80da7000 rw-p 00000000 00:00 0 
7f7e80da7000-7f7e80f7d000 r--s 03caa000 08:09 2239508                    /usr/lib/jvm/java-8-oracle/jre/lib/rt.jar
7f7e80f7d000-7f7e81bc8000 rw-p 00000000 00:00 0 
7f7e81bc8000-7f7e81bc9000 ---p 00000000 00:00 0 
7f7e81bc9000-7f7e81cc9000 rw-p 00000000 00:00 0                          [stack:3329]
7f7e81cc9000-7f7e81cca000 ---p 00000000 00:00 0 
7f7e81cca000-7f7e81dca000 rw-p 00000000 00:00 0                          [stack:3328]
7f7e81dca000-7f7e81dcb000 ---p 00000000 00:00 0 
7f7e81dcb000-7f7e81ecb000 rw-p 00000000 00:00 0                          [stack:3327]
7f7e81ecb000-7f7e81ecc000 ---p 00000000 00:00 0 
7f7e81ecc000-7f7e81ff6000 rw-p 00000000 00:00 0                          [stack:3326]
7f7e81ff6000-7f7e8225a000 ---p 00000000 00:00 0 
7f7e8225a000-7f7e82284000 rw-p 00000000 00:00 0 
7f7e82284000-7f7e824e8000 ---p 00000000 00:00 0 
7f7e824e8000-7f7e824fd000 rw-p 00000000 00:00 0 
7f7e824fd000-7f7e8262f000 ---p 00000000 00:00 0 
7f7e8262f000-7f7e8263b000 rw-p 00000000 00:00 0 
7f7e8263b000-7f7e829f0000 ---p 00000000 00:00 0 
7f7e829f0000-7f7e82a0a000 r-xp 00000000 08:09 2239570                    /usr/lib/jvm/java-8-oracle/jre/lib/amd64/libzip.so
7f7e82a0a000-7f7e82c0a000 ---p 0001a000 08:09 2239570                    /usr/lib/jvm/java-8-oracle/jre/lib/amd64/libzip.so
7f7e82c0a000-7f7e82c0b000 rw-p 0001a000 08:09 2239570                    /usr/lib/jvm/java-8-oracle/jre/lib/amd64/libzip.so
7f7e82c0b000-7f7e82c16000 r-xp 00000000 08:09 266402                     /lib/x86_64-linux-gnu/libnss_files-2.19.so
7f7e82c16000-7f7e82e15000 ---p 0000b000 08:09 266402                     /lib/x86_64-linux-gnu/libnss_files-2.19.so
7f7e82e15000-7f7e82e16000 r--p 0000a000 08:09 266402                     /lib/x86_64-linux-gnu/libnss_files-2.19.so
7f7e82e16000-7f7e82e17000 rw-p 0000b000 08:09 266402                     /lib/x86_64-linux-gnu/libnss_files-2.19.so
7f7e82e17000-7f7e82e22000 r-xp 00000000 08:09 266403                     /lib/x86_64-linux-gnu/libnss_nis-2.19.so
7f7e82e22000-7f7e83021000 ---p 0000b000 08:09 266403                     /lib/x86_64-linux-gnu/libnss_nis-2.19.so
7f7e83021000-7f7e83022000 r--p 0000a000 08:09 266403                     /lib/x86_64-linux-gnu/libnss_nis-2.19.so
7f7e83022000-7f7e83023000 rw-p 0000b000 08:09 266403                     /lib/x86_64-linux-gnu/libnss_nis-2.19.so
7f7e83023000-7f7e8303a000 r-xp 00000000 08:09 266349                     /lib/x86_64-linux-gnu/libnsl-2.19.so
7f7e8303a000-7f7e83239000 ---p 00017000 08:09 266349                     /lib/x86_64-linux-gnu/libnsl-2.19.so
7f7e83239000-7f7e8323a000 r--p 00016000 08:09 266349                     /lib/x86_64-linux-gnu/libnsl-2.19.so
7f7e8323a000-7f7e8323b000 rw-p 00017000 08:09 266349                     /lib/x86_64-linux-gnu/libnsl-2.19.so
7f7e8323b000-7f7e8323d000 rw-p 00000000 00:00 0 
7f7e8323d000-7f7e83246000 r-xp 00000000 08:09 266232                     /lib/x86_64-linux-gnu/libnss_compat-2.19.so
7f7e83246000-7f7e83445000 ---p 00009000 08:09 266232                     /lib/x86_64-linux-gnu/libnss_compat-2.19.so
7f7e83445000-7f7e83446000 r--p 00008000 08:09 266232                     /lib/x86_64-linux-gnu/libnss_compat-2.19.so
7f7e83446000-7f7e83447000 rw-p 00009000 08:09 266232                     /lib/x86_64-linux-gnu/libnss_compat-2.19.so
7f7e83447000-7f7e83471000 r-xp 00000000 08:09 2239653                    /usr/lib/jvm/java-8-oracle/jre/lib/amd64/libjava.so
7f7e83471000-7f7e83671000 ---p 0002a000 08:09 2239653                    /usr/lib/jvm/java-8-oracle/jre/lib/amd64/libjava.so
7f7e83671000-7f7e83673000 rw-p 0002a000 08:09 2239653                    /usr/lib/jvm/java-8-oracle/jre/lib/amd64/libjava.so
7f7e83673000-7f7e83680000 r-xp 00000000 08:09 2239552                    /usr/lib/jvm/java-8-oracle/jre/lib/amd64/libverify.so
7f7e83680000-7f7e83880000 ---p 0000d000 08:09 2239552                    /usr/lib/jvm/java-8-oracle/jre/lib/amd64/libverify.so
7f7e83880000-7f7e83882000 rw-p 0000d000 08:09 2239552                    /usr/lib/jvm/java-8-oracle/jre/lib/amd64/libverify.so
7f7e83882000-7f7e83889000 r-xp 00000000 08:09 266351                     /lib/x86_64-linux-gnu/librt-2.19.so
7f7e83889000-7f7e83a88000 ---p 00007000 08:09 266351                     /lib/x86_64-linux-gnu/librt-2.19.so
7f7e83a88000-7f7e83a89000 r--p 00006000 08:09 266351                     /lib/x86_64-linux-gnu/librt-2.19.so
7f7e83a89000-7f7e83a8a000 rw-p 00007000 08:09 266351                     /lib/x86_64-linux-gnu/librt-2.19.so
7f7e83a8a000-7f7e83b8f000 r-xp 00000000 08:09 266364                     /lib/x86_64-linux-gnu/libm-2.19.so
7f7e83b8f000-7f7e83d8e000 ---p 00105000 08:09 266364                     /lib/x86_64-linux-gnu/libm-2.19.so
7f7e83d8e000-7f7e83d8f000 r--p 00104000 08:09 266364                     /lib/x86_64-linux-gnu/libm-2.19.so
7f7e83d8f000-7f7e83d90000 rw-p 00105000 08:09 266364                     /lib/x86_64-linux-gnu/libm-2.19.so
7f7e83d90000-7f7e849fd000 r-xp 00000000 08:09 2239664                    /usr/lib/jvm/java-8-oracle/jre/lib/amd64/server/libjvm.so
7f7e849fd000-7f7e84bfc000 ---p 00c6d000 08:09 2239664                    /usr/lib/jvm/java-8-oracle/jre/lib/amd64/server/libjvm.so
7f7e84bfc000-7f7e84cd2000 rw-p 00c6c000 08:09 2239664                    /usr/lib/jvm/java-8-oracle/jre/lib/amd64/server/libjvm.so
7f7e84cd2000-7f7e84d15000 rw-p 00000000 00:00 0 
7f7e84d15000-7f7e84ed0000 r-xp 00000000 08:09 266361                     /lib/x86_64-linux-gnu/libc-2.19.so
7f7e84ed0000-7f7e850d0000 ---p 001bb000 08:09 266361                     /lib/x86_64-linux-gnu/libc-2.19.so
7f7e850d0000-7f7e850d4000 r--p 001bb000 08:09 266361                     /lib/x86_64-linux-gnu/libc-2.19.so
7f7e850d4000-7f7e850d6000 rw-p 001bf000 08:09 266361                     /lib/x86_64-linux-gnu/libc-2.19.so
7f7e850d6000-7f7e850db000 rw-p 00000000 00:00 0 
7f7e850db000-7f7e850de000 r-xp 00000000 08:09 266413                     /lib/x86_64-linux-gnu/libdl-2.19.so
7f7e850de000-7f7e852dd000 ---p 00003000 08:09 266413                     /lib/x86_64-linux-gnu/libdl-2.19.so
7f7e852dd000-7f7e852de000 r--p 00002000 08:09 266413                     /lib/x86_64-linux-gnu/libdl-2.19.so
7f7e852de000-7f7e852df000 rw-p 00003000 08:09 266413                     /lib/x86_64-linux-gnu/libdl-2.19.so
7f7e852df000-7f7e852f4000 r-xp 00000000 08:09 2239568                    /usr/lib/jvm/java-8-oracle/jre/lib/amd64/jli/libjli.so
7f7e852f4000-7f7e854f3000 ---p 00015000 08:09 2239568                    /usr/lib/jvm/java-8-oracle/jre/lib/amd64/jli/libjli.so
7f7e854f3000-7f7e854f4000 rw-p 00014000 08:09 2239568                    /usr/lib/jvm/java-8-oracle/jre/lib/amd64/jli/libjli.so
7f7e854f4000-7f7e8550d000 r-xp 00000000 08:09 266414                     /lib/x86_64-linux-gnu/libpthread-2.19.so
7f7e8550d000-7f7e8570c000 ---p 00019000 08:09 266414                     /lib/x86_64-linux-gnu/libpthread-2.19.so
7f7e8570c000-7f7e8570d000 r--p 00018000 08:09 266414                     /lib/x86_64-linux-gnu/libpthread-2.19.so
7f7e8570d000-7f7e8570e000 rw-p 00019000 08:09 266414                     /lib/x86_64-linux-gnu/libpthread-2.19.so
7f7e8570e000-7f7e85712000 rw-p 00000000 00:00 0 
7f7e85712000-7f7e85735000 r-xp 00000000 08:09 266362                     /lib/x86_64-linux-gnu/ld-2.19.so
7f7e85735000-7f7e8573c000 r--s 00000000 08:09 2240309                    /usr/lib/x86_64-linux-gnu/gconv/gconv-modules.cache
7f7e8573c000-7f7e85741000 r--s 002f8000 08:09 2239504                    /usr/lib/jvm/java-8-oracle/jre/lib/charsets.jar
7f7e85741000-7f7e85812000 rw-p 00000000 00:00 0 
7f7e85812000-7f7e85815000 ---p 00000000 00:00 0 
7f7e85815000-7f7e85917000 rw-p 00000000 00:00 0                          [stack:3325]
7f7e85918000-7f7e85919000 r--s 00000000 00:19 6559102                    /home/rodro/.local/share/mime/mime.cache
7f7e85919000-7f7e8591a000 r--s 00000000 00:16 18543                      /run/user/1000/dconf/user (deleted)
7f7e8591a000-7f7e85928000 r--s 0018e000 00:19 7340726                    /home/rodro/workspace/tecnologo/ProgramacionAplicaciones/servidor/h2/bin/h2-1.4.181.jar
7f7e85928000-7f7e85930000 rw-s 00000000 08:09 2885378                    /tmp/hsperfdata_rodro/3323
7f7e85930000-7f7e85931000 rw-p 00000000 00:00 0 
7f7e85931000-7f7e85932000 r--p 00000000 00:00 0 
7f7e85932000-7f7e85934000 rw-p 00000000 00:00 0 
7f7e85934000-7f7e85935000 r--p 00022000 08:09 266362                     /lib/x86_64-linux-gnu/ld-2.19.so
7f7e85935000-7f7e85936000 rw-p 00023000 08:09 266362                     /lib/x86_64-linux-gnu/ld-2.19.so
7f7e85936000-7f7e85937000 rw-p 00000000 00:00 0 
7fff740be000-7fff740df000 rw-p 00000000 00:00 0                          [stack]
7fff7419f000-7fff741a1000 r-xp 00000000 00:00 0                          [vdso]
ffffffffff600000-ffffffffff601000 r-xp 00000000 00:00 0                  [vsyscall]

VM Arguments:
java_command: h2-1.4.181.jar
java_class_path (initial): h2-1.4.181.jar
Launcher Type: SUN_STANDARD

Environment Variables:
PATH=/usr/local/sbin:/usr/local/bin:/usr/sbin:/usr/bin:/sbin:/bin:/usr/games:/usr/local/games
SHELL=/bin/bash
DISPLAY=:0

Signal Handlers:
SIGSEGV: [libjvm.so+0xa79a80], sa_mask[0]=11111111011111111101111111111110, sa_flags=SA_RESTART|SA_SIGINFO
SIGBUS: [libjvm.so+0xa79a80], sa_mask[0]=11111111011111111101111111111110, sa_flags=SA_RESTART|SA_SIGINFO
SIGFPE: [libjvm.so+0x8e24e0], sa_mask[0]=11111111011111111101111111111110, sa_flags=SA_RESTART|SA_SIGINFO
SIGPIPE: SIG_IGN, sa_mask[0]=00000000000010000000000000000000, sa_flags=SA_RESTART
SIGXFSZ: [libjvm.so+0x8e24e0], sa_mask[0]=11111111011111111101111111111110, sa_flags=SA_RESTART|SA_SIGINFO
SIGILL: [libjvm.so+0x8e24e0], sa_mask[0]=11111111011111111101111111111110, sa_flags=SA_RESTART|SA_SIGINFO
SIGUSR1: SIG_DFL, sa_mask[0]=00000000000000000000000000000000, sa_flags=none
SIGUSR2: [libjvm.so+0x8e3d10], sa_mask[0]=00000000000000000000000000000000, sa_flags=SA_RESTART|SA_SIGINFO
SIGHUP: [libjvm.so+0x8e50d0], sa_mask[0]=11111111011111111101111111111110, sa_flags=SA_RESTART|SA_SIGINFO
SIGINT: [libjvm.so+0x8e50d0], sa_mask[0]=11111111011111111101111111111110, sa_flags=SA_RESTART|SA_SIGINFO
SIGTERM: [libjvm.so+0x8e50d0], sa_mask[0]=11111111011111111101111111111110, sa_flags=SA_RESTART|SA_SIGINFO
SIGQUIT: [libjvm.so+0x8e50d0], sa_mask[0]=11111111011111111101111111111110, sa_flags=SA_RESTART|SA_SIGINFO


---------------  S Y S T E M  ---------------

OS:DISTRIB_ID=Ubuntu
DISTRIB_RELEASE=14.04
DISTRIB_CODENAME=trusty
DISTRIB_DESCRIPTION="Ubuntu 14.04.1 LTS"

uname:Linux 3.13.0-37-generic #64-Ubuntu SMP Mon Sep 22 21:28:38 UTC 2014 x86_64
libc:glibc 2.19 NPTL 2.19 
rlimit: STACK 8192k, CORE 0k, NPROC 62056, NOFILE 4096, AS infinity
load average:6,05 1,59 0,73

/proc/meminfo:
MemTotal:        8028788 kB
MemFree:         5961048 kB
Buffers:           97540 kB
Cached:          1534132 kB
SwapCached:            0 kB
Active:           677816 kB
Inactive:        1178112 kB
Active(anon):     225612 kB
Inactive(anon):    94404 kB
Active(file):     452204 kB
Inactive(file):  1083708 kB
Unevictable:          48 kB
Mlocked:              48 kB
SwapTotal:             0 kB
SwapFree:              0 kB
Dirty:               652 kB
Writeback:             0 kB
AnonPages:        212080 kB
Mapped:           101504 kB
Shmem:             95768 kB
Slab:             122728 kB
SReclaimable:      69980 kB
SUnreclaim:        52748 kB
KernelStack:        3560 kB
PageTables:         7768 kB
NFS_Unstable:          0 kB
Bounce:                0 kB
WritebackTmp:          0 kB
CommitLimit:     4014392 kB
Committed_AS:    1192664 kB
VmallocTotal:   34359738367 kB
VmallocUsed:      355380 kB
VmallocChunk:   34359358892 kB
HardwareCorrupted:     0 kB
AnonHugePages:    153600 kB
HugePages_Total:       0
HugePages_Free:        0
HugePages_Rsvd:        0
HugePages_Surp:        0
Hugepagesize:       2048 kB
DirectMap4k:       61432 kB
DirectMap2M:     8179712 kB


CPU:total 4 (2 cores per cpu, 2 threads per core) family 6 model 58 stepping 9, cmov, cx8, fxsr, mmx, sse, sse2, sse3, ssse3, sse4.1, sse4.2, popcnt, avx, aes, clmul, erms, ht, tsc, tscinvbit, tscinv

/proc/cpuinfo:
processor	: 0
vendor_id	: GenuineIntel
cpu family	: 6
model		: 58
model name	: Intel(R) Core(TM) i7-3520M CPU @ 2.90GHz
stepping	: 9
microcode	: 0x13
cpu MHz		: 1200.000
cache size	: 4096 KB
physical id	: 0
siblings	: 4
core id		: 0
cpu cores	: 2
apicid		: 0
initial apicid	: 0
fpu		: yes
fpu_exception	: yes
cpuid level	: 13
wp		: yes
flags		: fpu vme de pse tsc msr pae mce cx8 apic sep mtrr pge mca cmov pat pse36 clflush dts acpi mmx fxsr sse sse2 ss ht tm pbe syscall nx rdtscp lm constant_tsc arch_perfmon pebs bts rep_good nopl xtopology nonstop_tsc aperfmperf eagerfpu pni pclmulqdq dtes64 monitor ds_cpl vmx smx est tm2 ssse3 cx16 xtpr pdcm pcid sse4_1 sse4_2 x2apic popcnt tsc_deadline_timer aes xsave avx f16c rdrand lahf_lm ida arat epb xsaveopt pln pts dtherm tpr_shadow vnmi flexpriority ept vpid fsgsbase smep erms
bogomips	: 5786.91
clflush size	: 64
cache_alignment	: 64
address sizes	: 36 bits physical, 48 bits virtual
power management:

processor	: 1
vendor_id	: GenuineIntel
cpu family	: 6
model		: 58
model name	: Intel(R) Core(TM) i7-3520M CPU @ 2.90GHz
stepping	: 9
microcode	: 0x13
cpu MHz		: 1200.000
cache size	: 4096 KB
physical id	: 0
siblings	: 4
core id		: 0
cpu cores	: 2
apicid		: 1
initial apicid	: 1
fpu		: yes
fpu_exception	: yes
cpuid level	: 13
wp		: yes
flags		: fpu vme de pse tsc msr pae mce cx8 apic sep mtrr pge mca cmov pat pse36 clflush dts acpi mmx fxsr sse sse2 ss ht tm pbe syscall nx rdtscp lm constant_tsc arch_perfmon pebs bts rep_good nopl xtopology nonstop_tsc aperfmperf eagerfpu pni pclmulqdq dtes64 monitor ds_cpl vmx smx est tm2 ssse3 cx16 xtpr pdcm pcid sse4_1 sse4_2 x2apic popcnt tsc_deadline_timer aes xsave avx f16c rdrand lahf_lm ida arat epb xsaveopt pln pts dtherm tpr_shadow vnmi flexpriority ept vpid fsgsbase smep erms
bogomips	: 5786.91
clflush size	: 64
cache_alignment	: 64
address sizes	: 36 bits physical, 48 bits virtual
power management:

processor	: 2
vendor_id	: GenuineIntel
cpu family	: 6
model		: 58
model name	: Intel(R) Core(TM) i7-3520M CPU @ 2.90GHz
stepping	: 9
microcode	: 0x13
cpu MHz		: 1200.000
cache size	: 4096 KB
physical id	: 0
siblings	: 4
core id		: 1
cpu cores	: 2
apicid		: 2
initial apicid	: 2
fpu		: yes
fpu_exception	: yes
cpuid level	: 13
wp		: yes
flags		: fpu vme de pse tsc msr pae mce cx8 apic sep mtrr pge mca cmov pat pse36 clflush dts acpi mmx fxsr sse sse2 ss ht tm pbe syscall nx rdtscp lm constant_tsc arch_perfmon pebs bts rep_good nopl xtopology nonstop_tsc aperfmperf eagerfpu pni pclmulqdq dtes64 monitor ds_cpl vmx smx est tm2 ssse3 cx16 xtpr pdcm pcid sse4_1 sse4_2 x2apic popcnt tsc_deadline_timer aes xsave avx f16c rdrand lahf_lm ida arat epb xsaveopt pln pts dtherm tpr_shadow vnmi flexpriority ept vpid fsgsbase smep erms
bogomips	: 5786.91
clflush size	: 64
cache_alignment	: 64
address sizes	: 36 bits physical, 48 bits virtual
power management:

processor	: 3
vendor_id	: GenuineIntel
cpu family	: 6
model		: 58
model name	: Intel(R) Core(TM) i7-3520M CPU @ 2.90GHz
stepping	: 9
microcode	: 0x13
cpu MHz		: 1200.000
cache size	: 4096 KB
physical id	: 0
siblings	: 4
core id		: 1
cpu cores	: 2
apicid		: 3
initial apicid	: 3
fpu		: yes
fpu_exception	: yes
cpuid level	: 13
wp		: yes
flags		: fpu vme de pse tsc msr pae mce cx8 apic sep mtrr pge mca cmov pat pse36 clflush dts acpi mmx fxsr sse sse2 ss ht tm pbe syscall nx rdtscp lm constant_tsc arch_perfmon pebs bts rep_good nopl xtopology nonstop_tsc aperfmperf eagerfpu pni pclmulqdq dtes64 monitor ds_cpl vmx smx est tm2 ssse3 cx16 xtpr pdcm pcid sse4_1 sse4_2 x2apic popcnt tsc_deadline_timer aes xsave avx f16c rdrand lahf_lm ida arat epb xsaveopt pln pts dtherm tpr_shadow vnmi flexpriority ept vpid fsgsbase smep erms
bogomips	: 5786.91
clflush size	: 64
cache_alignment	: 64
address sizes	: 36 bits physical, 48 bits virtual
power management:



Memory: 4k page, physical 8028788k(5982284k free), swap 0k(0k free)

vm_info: Java HotSpot(TM) 64-Bit Server VM (25.25-b02) for linux-amd64 JRE (1.8.0_25-b17), built on Sep 17 2014 17:32:11 by "java_re" with gcc 4.3.0 20080428 (Red Hat 4.3.0-8)

time: Thu Oct 30 10:08:53 2014
elapsed time: 5437 seconds (0d 1h 30m 37s)

